[debug] [2023-12-13T14:00:25.363Z] ----------------------------------------------------------------------
[debug] [2023-12-13T14:00:25.365Z] Command:       /Users/jasonwoo/.nvm/versions/node/v20.5.0/bin/node /Users/JasonWoo/.nvm/versions/node/v20.5.0/bin/firebase init
[debug] [2023-12-13T14:00:25.365Z] CLI Version:   13.0.1
[debug] [2023-12-13T14:00:25.365Z] Platform:      darwin
[debug] [2023-12-13T14:00:25.365Z] Node Version:  v20.5.0
[debug] [2023-12-13T14:00:25.365Z] Time:          Wed Dec 13 2023 22:00:25 GMT+0800 (GMT+08:00)
[debug] [2023-12-13T14:00:25.365Z] ----------------------------------------------------------------------
[debug] 
[debug] [2023-12-13T14:00:25.366Z] >>> [apiv2][query] GET https://firebase-public.firebaseio.com/cli.json [none]
[debug] [2023-12-13T14:00:25.388Z] > command requires scopes: ["email","openid","https://www.googleapis.com/auth/cloudplatformprojects.readonly","https://www.googleapis.com/auth/firebase","https://www.googleapis.com/auth/cloud-platform"]
[debug] [2023-12-13T14:00:25.388Z] > authorizing via signed-in user (jaswoo73@gmail.com)
[info] 
     ######## #### ########  ######## ########     ###     ######  ########
     ##        ##  ##     ## ##       ##     ##  ##   ##  ##       ##
     ######    ##  ########  ######   ########  #########  ######  ######
     ##        ##  ##    ##  ##       ##     ## ##     ##       ## ##
     ##       #### ##     ## ######## ########  ##     ##  ######  ########

You're about to initialize a Firebase project in this directory:

  /Users/jasonwoo/Desktop/simple-firebase-chat-app

Before we get started, keep in mind:

  * You are currently outside your home directory

[debug] [2023-12-13T14:00:26.088Z] <<< [apiv2][status] GET https://firebase-public.firebaseio.com/cli.json 200
[debug] [2023-12-13T14:00:26.089Z] <<< [apiv2][body] GET https://firebase-public.firebaseio.com/cli.json {"cloudBuildErrorAfter":1594252800000,"cloudBuildWarnAfter":1590019200000,"defaultNode10After":1594252800000,"minVersion":"3.0.5","node8DeploysDisabledAfter":1613390400000,"node8RuntimeDisabledAfter":1615809600000,"node8WarnAfter":1600128000000}
[info] 
=== Project Setup
[info] 
[info] First, let's associate this project directory with a Firebase project.
[info] You can create multiple project aliases by running firebase use --add, 
[info] but for now we'll just set up a default project.
[info] 
[debug] [2023-12-13T14:01:47.343Z] > refreshing access token with scopes: []
[debug] [2023-12-13T14:01:47.345Z] >>> [apiv2][query] POST https://www.googleapis.com/oauth2/v3/token [none]
[debug] [2023-12-13T14:01:47.345Z] >>> [apiv2][body] POST https://www.googleapis.com/oauth2/v3/token [omitted]
[debug] [2023-12-13T14:01:47.512Z] <<< [apiv2][status] POST https://www.googleapis.com/oauth2/v3/token 200
[debug] [2023-12-13T14:01:47.512Z] <<< [apiv2][body] POST https://www.googleapis.com/oauth2/v3/token [omitted]
[debug] [2023-12-13T14:01:47.532Z] >>> [apiv2][query] GET https://firebase.googleapis.com/v1beta1/projects pageSize=100
[debug] [2023-12-13T14:01:49.108Z] <<< [apiv2][status] GET https://firebase.googleapis.com/v1beta1/projects 200
[debug] [2023-12-13T14:01:49.108Z] <<< [apiv2][body] GET https://firebase.googleapis.com/v1beta1/projects [omitted]
[info] i  Using project simple-react-chat-app-f6fa9 (simple-react-chat-app) 
[info] 
=== Hosting Setup
[debug] [2023-12-13T14:02:04.241Z] >>> [apiv2][query] GET https://firebase.googleapis.com/v1beta1/projects/simple-react-chat-app-f6fa9 [none]
[debug] [2023-12-13T14:02:04.792Z] <<< [apiv2][status] GET https://firebase.googleapis.com/v1beta1/projects/simple-react-chat-app-f6fa9 200
[debug] [2023-12-13T14:02:04.793Z] <<< [apiv2][body] GET https://firebase.googleapis.com/v1beta1/projects/simple-react-chat-app-f6fa9 {"projectId":"simple-react-chat-app-f6fa9","projectNumber":"737315922740","displayName":"simple-react-chat-app","name":"projects/simple-react-chat-app-f6fa9","resources":{"hostingSite":"simple-react-chat-app-f6fa9"},"state":"ACTIVE","etag":"1_fd5d985d-e459-456d-890c-1e71ee837610"}
[info] 
[info] Your public directory is the folder (relative to your project directory) that
[info] will contain Hosting assets to be uploaded with firebase deploy. If you
[info] have a build process for your assets, use your build's output directory.
[info] 
[info] ✔  Wrote public/404.html 
[debug] [2023-12-13T14:03:30.456Z] >>> [apiv2][query] GET https://www.gstatic.com/firebasejs/releases.json [none]
[debug] [2023-12-13T14:03:31.556Z] <<< [apiv2][status] GET https://www.gstatic.com/firebasejs/releases.json 200
[debug] [2023-12-13T14:03:31.556Z] <<< [apiv2][body] GET https://www.gstatic.com/firebasejs/releases.json {"current":{"version":"10.7.1","browserURL":"https://www.gstatic.com/firebasejs/10.7.1/firebase.js","packageURL":"https://www.gstatic.com/firebasejs/10.7.1/firebase.tgz"},"live":{"version":"10.7","browserURL":"https://www.gstatic.com/firebasejs/live/10.7/firebase.js","packageURL":"https://www.gstatic.com/firebasejs/live/10.7/firebase.tgz"},"components":{"analytics":"https://www.gstatic.com/firebasejs/10.7.1/firebase-analytics.js","app":"https://www.gstatic.com/firebasejs/10.7.1/firebase-app.js","app-check":"https://www.gstatic.com/firebasejs/10.7.1/firebase-app-check.js","auth":"https://www.gstatic.com/firebasejs/10.7.1/firebase-auth.js","auth/cordova":"https://www.gstatic.com/firebasejs/10.7.1/firebase-auth/cordova.js","functions":"https://www.gstatic.com/firebasejs/10.7.1/firebase-functions.js","firestore":"https://www.gstatic.com/firebasejs/10.7.1/firebase-firestore.js","firestore/lite":"https://www.gstatic.com/firebasejs/10.7.1/firebase-firestore/lite.js","installations":"https://www.gstatic.com/firebasejs/10.7.1/firebase-installations.js","storage":"https://www.gstatic.com/firebasejs/10.7.1/firebase-storage.js","performance":"https://www.gstatic.com/firebasejs/10.7.1/firebase-performance.js","remote-config":"https://www.gstatic.com/firebasejs/10.7.1/firebase-remote-config.js","messaging":"https://www.gstatic.com/firebasejs/10.7.1/firebase-messaging.js","messaging/sw":"https://www.gstatic.com/firebasejs/10.7.1/firebase-messaging/sw.js","database":"https://www.gstatic.com/firebasejs/10.7.1/firebase-database.js","firestore.memory":"https://www.gstatic.com/firebasejs/10.7.1/firebase-firestore.memory.js"}}
[info] i  Skipping write of public/index.html 
[info] 
[info] i  Detected a .git folder at /Users/jasonwoo/Desktop/simple-firebase-chat-app 
[info] i  Authorizing with GitHub to upload your service account to a GitHub repository's secrets store. 
[info] 
[info] Visit this URL on this device to log in:
[info] https://github.com/login/oauth/authorize?client_id=89cf50f02ac6aaed3484&state=1032411460&redirect_uri=http%3A%2F%2Flocalhost%3A9005&scope=read%3Auser%20repo%20public_repo
[info] 
[info] Waiting for authentication...
[debug] [2023-12-13T14:03:46.309Z] >>> [apiv2][query] POST https://github.com/login/oauth/access_token [none]
[debug] [2023-12-13T14:03:46.309Z] >>> [apiv2][body] POST https://github.com/login/oauth/access_token [stream]
[debug] [2023-12-13T14:03:46.729Z] <<< [apiv2][status] POST https://github.com/login/oauth/access_token 200
[debug] [2023-12-13T14:03:46.729Z] <<< [apiv2][body] POST https://github.com/login/oauth/access_token {"access_token":"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","token_type":"bearer","scope":"read:user,repo"}
[debug] [2023-12-13T14:03:46.735Z] >>> [apiv2][query] GET https://api.github.com/user [none]
[debug] [2023-12-13T14:03:47.163Z] <<< [apiv2][status] GET https://api.github.com/user 200
[debug] [2023-12-13T14:03:47.163Z] <<< [apiv2][body] GET https://api.github.com/user {"login":"jaswoo73","id":112468954,"node_id":"U_kgDOBrQj2g","avatar_url":"https://avatars.githubusercontent.com/u/112468954?v=4","gravatar_id":"","url":"https://api.github.com/users/jaswoo73","html_url":"https://github.com/jaswoo73","followers_url":"https://api.github.com/users/jaswoo73/followers","following_url":"https://api.github.com/users/jaswoo73/following{/other_user}","gists_url":"https://api.github.com/users/jaswoo73/gists{/gist_id}","starred_url":"https://api.github.com/users/jaswoo73/starred{/owner}{/repo}","subscriptions_url":"https://api.github.com/users/jaswoo73/subscriptions","organizations_url":"https://api.github.com/users/jaswoo73/orgs","repos_url":"https://api.github.com/users/jaswoo73/repos","events_url":"https://api.github.com/users/jaswoo73/events{/privacy}","received_events_url":"https://api.github.com/users/jaswoo73/received_events","type":"User","site_admin":false,"name":null,"company":null,"blog":"","location":null,"email":null,"hireable":null,"bio":null,"twitter_username":null,"public_repos":7,"public_gists":0,"followers":0,"following":2,"created_at":"2022-08-30T07:23:19Z","updated_at":"2023-11-29T10:16:20Z","private_gists":0,"total_private_repos":8,"owned_private_repos":7,"disk_usage":11167,"collaborators":4,"two_factor_authentication":false,"plan":{"name":"free","space":976562499,"collaborators":0,"private_repos":10000}}
[info] 
[info] ✔  Success! Logged into GitHub as jaswoo73 
[info] 
